F:/Code Java/ava/data-test/ducanh/cloneProject/basicTest.c:4: error: Can't open include file "iostream"
    #include <iostream>
F:/Code Java/ava/data-test/tsdv/Sample_for_R1_4_copy/Age.cpp:1: error: Can't open include file "iostream"
    #include <iostream>
F:/Code Java/ava/data-test/tsdv/Sample_for_R1_4_copy/Age.cpp:1: error: Can't open include file "iostream"
    #include <iostream>
F:/Code Java/ava/data-test/tsdv/Sample_for_R1_4_copy/Age.cpp:1: error: Can't open include file "iostream"
    #include <iostream>
F:/Code Java/ava/data-test/tsdv/Sample_for_R1_4_copy/Age.cpp:1: error: Can't open include file "iostream"
    #include <iostream>
F:/Code Java/ava/data-test/tsdv/Sample_for_R1_2_copy/GenTest.cpp:2: error: Can't open include file "exception"
    #include <exception>
F:/Code Java/ava/data-test/tsdv/Sample_for_R1_2_copy/GenTest.cpp:3: error: Can't open include file "cstddef"
    #include <cstddef>
F:/Code Java/ava/data-test/ducanh/SymbolicExecutionTest_copy111111/basicTest.c:4: error: Can't open include file "iostream"
    #include <iostream>
F:/Code Java/ava/data-test/tsdv/Sample_for_R1_2_copy1/GenTest.cpp:2: error: Can't open include file "exception"
    #include <exception>
F:/Code Java/ava/data-test/tsdv/Sample_for_R1_2_copy1/GenTest.cpp:3: error: Can't open include file "cstddef"
    #include <cstddef>
F:/Code Java/ava/data-test/ducanh/SymbolicExecutionTest_copy1111111/basicTest.c:4: error: Can't open include file "iostream"
    #include <iostream>
F:/Code Java/ava/data-test/tsdv/Sample_for_R1_2_copy/GenTest.cpp:2: error: Can't open include file "exception"
    #include <exception>
F:/Code Java/ava/data-test/tsdv/Sample_for_R1_2_copy/GenTest.cpp:3: error: Can't open include file "cstddef"
    #include <cstddef>
F:/Code Java/ava/data-test/ducanh/SymbolicExecutionTest_copy1/basicTest.c:4: error: Can't open include file "iostream"
    #include <iostream>
F:/Code Java/ava/data-test/ducanh/SymbolicExecutionTest_copy11/pointerTest.cpp:4: error: Can't open include file "iostream"
    #include <iostream>
F:/Code Java/ava/data-test/tsdv/cloneProject/GenTest.cpp:2: error: Can't open include file "exception"
    #include <exception>
F:/Code Java/ava/data-test/tsdv/cloneProject/GenTest.cpp:3: error: Can't open include file "cstddef"
    #include <cstddef>
F:/Code Java/ava/data-test/tsdv/cloneProject/GenTest.cpp:2: error: Can't open include file "exception"
    #include <exception>
F:/Code Java/ava/data-test/tsdv/cloneProject/GenTest.cpp:3: error: Can't open include file "cstddef"
    #include <cstddef>
F:/Code Java/ava/data-test/tsdv/cloneProject/GenTest.cpp:2: error: Can't open include file "exception"
    #include <exception>
F:/Code Java/ava/data-test/tsdv/cloneProject/GenTest.cpp:3: error: Can't open include file "cstddef"
    #include <cstddef>
F:/Code Java/ava/data-test/tsdv/cloneProject/GenTest.cpp:2: error: Can't open include file "exception"
    #include <exception>
F:/Code Java/ava/data-test/tsdv/cloneProject/GenTest.cpp:3: error: Can't open include file "cstddef"
    #include <cstddef>
F:/Code Java/ava/data-test/tsdv/cloneProject/GenTest.cpp:2: error: Can't open include file "exception"
    #include <exception>
F:/Code Java/ava/data-test/tsdv/cloneProject/GenTest.cpp:3: error: Can't open include file "cstddef"
    #include <cstddef>
F:/Code Java/ava/data-test/tsdv/cloneProject/GenTest.cpp:2: error: Can't open include file "exception"
    #include <exception>
F:/Code Java/ava/data-test/tsdv/cloneProject/GenTest.cpp:3: error: Can't open include file "cstddef"
    #include <cstddef>
F:/Code Java/ava/data-test/tsdv/cloneProject/GenTest.cpp:2: error: Can't open include file "exception"
    #include <exception>
F:/Code Java/ava/data-test/tsdv/cloneProject/GenTest.cpp:3: error: Can't open include file "cstddef"
    #include <cstddef>
F:/Code Java/ava/data-test/tsdv/cloneProject/GenTest.cpp:2: error: Can't open include file "exception"
    #include <exception>
F:/Code Java/ava/data-test/tsdv/cloneProject/GenTest.cpp:3: error: Can't open include file "cstddef"
    #include <cstddef>
F:/Code Java/ava/data-test/tsdv/cloneProject/GenTest.cpp:2: error: Can't open include file "exception"
    #include <exception>
F:/Code Java/ava/data-test/tsdv/cloneProject/GenTest.cpp:3: error: Can't open include file "cstddef"
    #include <cstddef>
F:/Code Java/ava/data-test/tsdv/cloneProject/GenTest.cpp:2: error: Can't open include file "exception"
    #include <exception>
F:/Code Java/ava/data-test/tsdv/cloneProject/GenTest.cpp:3: error: Can't open include file "cstddef"
    #include <cstddef>
F:/Code Java/ava/data-test/tsdv/cloneProject/GenTest.cpp:2: error: Can't open include file "exception"
    #include <exception>
F:/Code Java/ava/data-test/tsdv/cloneProject/GenTest.cpp:3: error: Can't open include file "cstddef"
    #include <cstddef>
F:/Code Java/ava/data-test/tsdv/cloneProject/GenTest.cpp:2: error: Can't open include file "exception"
    #include <exception>
F:/Code Java/ava/data-test/tsdv/cloneProject/GenTest.cpp:3: error: Can't open include file "cstddef"
    #include <cstddef>
F:/Code Java/ava/data-test/tsdv/cloneProject/GenTest.cpp:2: error: Can't open include file "exception"
    #include <exception>
F:/Code Java/ava/data-test/tsdv/cloneProject/GenTest.cpp:3: error: Can't open include file "cstddef"
    #include <cstddef>
F:/Code Java/ava/data-test/tsdv/cloneProject/GenTest.cpp:2: error: Can't open include file "exception"
    #include <exception>
F:/Code Java/ava/data-test/tsdv/cloneProject/GenTest.cpp:3: error: Can't open include file "cstddef"
    #include <cstddef>
F:/Code Java/ava/data-test/tsdv/cloneProject/GenTest.cpp:2: error: Can't open include file "exception"
    #include <exception>
F:/Code Java/ava/data-test/tsdv/cloneProject/GenTest.cpp:3: error: Can't open include file "cstddef"
    #include <cstddef>
F:/Code Java/ava/data-test/tsdv/cloneProject/GenTest.cpp:2: error: Can't open include file "exception"
    #include <exception>
F:/Code Java/ava/data-test/tsdv/cloneProject/GenTest.cpp:3: error: Can't open include file "cstddef"
    #include <cstddef>
F:/Code Java/ava/data-test/tsdv/cloneProject/GenTest.cpp:2: error: Can't open include file "exception"
    #include <exception>
F:/Code Java/ava/data-test/tsdv/cloneProject/GenTest.cpp:3: error: Can't open include file "cstddef"
    #include <cstddef>
F:/Code Java/ava/data-test/tsdv/cloneProject1/GenTest.cpp:2: error: Can't open include file "exception"
    #include <exception>
F:/Code Java/ava/data-test/tsdv/cloneProject1/GenTest.cpp:3: error: Can't open include file "cstddef"
    #include <cstddef>
F:/Code Java/ava/data-test/tsdv/cloneProject1/GenTest.cpp:2: error: Can't open include file "exception"
    #include <exception>
F:/Code Java/ava/data-test/tsdv/cloneProject1/GenTest.cpp:3: error: Can't open include file "cstddef"
    #include <cstddef>
F:/Code Java/ava/data-test/tsdv/cloneProject1/GenTest.cpp:2: error: Can't open include file "exception"
    #include <exception>
F:/Code Java/ava/data-test/tsdv/cloneProject1/GenTest.cpp:3: error: Can't open include file "cstddef"
    #include <cstddef>
F:/Code Java/ava/data-test/tsdv/cloneProject1/GenTest.cpp:2: error: Can't open include file "exception"
    #include <exception>
F:/Code Java/ava/data-test/tsdv/cloneProject1/GenTest.cpp:3: error: Can't open include file "cstddef"
    #include <cstddef>
F:/Code Java/ava/data-test/tsdv/cloneProject1111/GenTest.cpp:2: error: Can't open include file "exception"
    #include <exception>
F:/Code Java/ava/data-test/tsdv/cloneProject1111/GenTest.cpp:3: error: Can't open include file "cstddef"
    #include <cstddef>
F:/Code Java/ava/data-test/tsdv/cloneProject1111/GenTest.cpp:2: error: Can't open include file "exception"
    #include <exception>
F:/Code Java/ava/data-test/tsdv/cloneProject1111/GenTest.cpp:3: error: Can't open include file "cstddef"
    #include <cstddef>
F:/Code Java/ava/data-test/tsdv/cloneProject1111/GenTest.cpp:2: error: Can't open include file "exception"
    #include <exception>
F:/Code Java/ava/data-test/tsdv/cloneProject1111/GenTest.cpp:3: error: Can't open include file "cstddef"
    #include <cstddef>
F:/Code Java/ava/data-test/tsdv/cloneProject1111/GenTest.cpp:2: error: Can't open include file "exception"
    #include <exception>
F:/Code Java/ava/data-test/tsdv/cloneProject1111/GenTest.cpp:3: error: Can't open include file "cstddef"
    #include <cstddef>
E:/ava/data-test/tsdv/Sample_for_R1_4_copy1/Age.cpp:1: error: Can't open include file "iostream"
    #include <iostream>
E:/ava/data-test/tsdv/Sample_for_R1_4_copy1/Age.cpp:1: error: Can't open include file "iostream"
    #include <iostream>
E:/ava/data-test/tsdv/Sample_for_R1_4_copy11/Age.cpp:1: error: Can't open include file "iostream"
    #include <iostream>
E:/ava/data-test/tsdv/Sample_for_R1_4_copy11/Age.cpp:1: error: Can't open include file "iostream"
    #include <iostream>
E:/ava/data-test/tsdv/Sample_for_R1_4_copy111/Age.cpp:1: error: Can't open include file "iostream"
    #include <iostream>
E:/ava/data-test/tsdv/Sample_for_R1_4_copy111/Age.cpp:1: error: Can't open include file "iostream"
    #include <iostream>
E:/ava/data-test/tsdv/Sample_for_R1_4_copy1111/Age.cpp:1: error: Can't open include file "iostream"
    #include <iostream>
E:/ava/data-test/tsdv/Sample_for_R1_4_copy1111/Age.cpp:1: error: Can't open include file "iostream"
    #include <iostream>
D:/cft4cpp-core/data-test/ducanh/SymbolicExecutionTest/praticalTest.cpp:1: error: Can't open include file "stdio.h"
    #include "stdio.h"
D:/cft4cpp-core/data-test/ducanh/SymbolicExecutionTest/praticalTest.cpp:2: error: Can't open include file "stdlib.h"
    #include <stdlib.h>
D:/cft4cpp-core/data-test/ducanh/SymbolicExecutionTest/praticalTest.cpp:1: error: Can't open include file "stdio.h"
    #include "stdio.h"
D:/cft4cpp-core/data-test/ducanh/SymbolicExecutionTest/praticalTest.cpp:2: error: Can't open include file "stdlib.h"
    #include <stdlib.h>
D:/cft4cpp-core/data-test/ducanh/SymbolicExecutionTest/basicTest.cpp:4: error: Can't open include file "iostream"
    #include <iostream>
D:/cft4cpp-core/data-test/ducanh/SymbolicExecutionTest/basicTest.cpp:4: error: Can't open include file "iostream"
    #include <iostream>
D:/cft4cpp-core/data-test/ducanh/SymbolicExecutionTest/basicTest.cpp:4: error: Can't open include file "iostream"
    #include <iostream>
D:/cft4cpp-core/data-test/ducanh/SymbolicExecutionTest/praticalTest.cpp:1: error: Can't open include file "stdio.h"
    #include "stdio.h"
D:/cft4cpp-core/data-test/ducanh/SymbolicExecutionTest/praticalTest.cpp:2: error: Can't open include file "stdlib.h"
    #include <stdlib.h>
D:/cft4cpp-core/data-test/ducanh/SymbolicExecutionTest/praticalTest.cpp:404: fatal error: File write error
    	return index;
D:/cft4cpp-core/data-test/ducanh/SymbolicExecutionTest/praticalTest.cpp:1: error: Can't open include file "stdio.h"
    #include "stdio.h"
D:/cft4cpp-core/data-test/ducanh/SymbolicExecutionTest/praticalTest.cpp:2: error: Can't open include file "stdlib.h"
    #include <stdlib.h>
D:/cft4cpp-core/data-test/ducanh/SymbolicExecutionTest/praticalTest.cpp:404: fatal error: File write error
    	return index;
D:/cft4cpp-core/data-test/ducanh/SymbolicExecutionTest/praticalTest.cpp:1: error: Can't open include file "stdio.h"
    #include "stdio.h"
D:/cft4cpp-core/data-test/ducanh/SymbolicExecutionTest/praticalTest.cpp:2: error: Can't open include file "stdlib.h"
    #include <stdlib.h>
D:/cft4cpp-core/data-test/ducanh/SymbolicExecutionTest/basicTest.cpp:4: error: Can't open include file "iostream"
    #include <iostream>
D:/cft4cpp-core/data-test/ducanh/SymbolicExecutionTest/praticalTest.cpp:1: error: Can't open include file "stdio.h"
    #include "stdio.h"
D:/cft4cpp-core/data-test/ducanh/SymbolicExecutionTest/praticalTest.cpp:2: error: Can't open include file "stdlib.h"
    #include <stdlib.h>
D:/cft4cpp-core/data-test/paper/Algorithm/Sort.cpp:1: error: Can't open include file "stdio.h"
    #include <stdio.h>
D:/cft4cpp-core/data-test/paper/Algorithm/Sort.cpp:2: error: Can't open include file "math.h"
    #include <math.h>
D:/cft4cpp-core/data-test/paper/Algorithm/Sort.cpp:3: error: Can't open include file "stdlib.h"
    #include<stdlib.h>
D:/cft4cpp-core/data-test/paper/Algorithm/Sort.cpp:4: error: Can't open include file "iostream"
    #include <iostream>
D:/cft4cpp-core/data-test/paper/Algorithm/Sort.cpp:5: error: Can't open include file "cstdio"
    #include <cstdio>
D:/cft4cpp-core/data-test/paper/Algorithm/utils.h:1: error: Can't open include file "stdio.h"
    #include "stdio.h"
    from D:/cft4cpp-core/data-test/paper/Algorithm/Utils.cpp: 1:    #include "utils.h"
D:/cft4cpp-core/data-test/paper/Algorithm/utils.h:2: error: Can't open include file "stdlib.h"
    #include <stdlib.h>
    from D:/cft4cpp-core/data-test/paper/Algorithm/Utils.cpp: 1:    #include "utils.h"
D:/cft4cpp-core/data-test/paper/Algorithm/Utils.cpp:658: error: Can't open include file "bits/stdc++.h"
    #include <bits/stdc++.h>
D:/cft4cpp-core/data-test/paper/Algorithm/utils.h:1: error: Can't open include file "stdio.h"
    #include "stdio.h"
    from D:/cft4cpp-core/data-test/paper/Algorithm/Utils.cpp: 1:    #include "utils.h"
D:/cft4cpp-core/data-test/paper/Algorithm/utils.h:2: error: Can't open include file "stdlib.h"
    #include <stdlib.h>
    from D:/cft4cpp-core/data-test/paper/Algorithm/Utils.cpp: 1:    #include "utils.h"
D:/cft4cpp-core/data-test/paper/Algorithm/Utils.cpp:658: error: Can't open include file "bits/stdc++.h"
    #include <bits/stdc++.h>
D:/cft4cpp-core/data-test/paper/Algorithm/utils.h:1: error: Can't open include file "stdio.h"
    #include "stdio.h"
    from D:/cft4cpp-core/data-test/paper/Algorithm/Utils.cpp: 1:    #include "utils.h"
D:/cft4cpp-core/data-test/paper/Algorithm/utils.h:2: error: Can't open include file "stdlib.h"
    #include <stdlib.h>
    from D:/cft4cpp-core/data-test/paper/Algorithm/Utils.cpp: 1:    #include "utils.h"
D:/cft4cpp-core/data-test/paper/Algorithm/Utils.cpp:658: error: Can't open include file "bits/stdc++.h"
    #include <bits/stdc++.h>
D:/cft4cpp-core/data-test/paper/Algorithm/utils.h:1: error: Can't open include file "stdio.h"
    #include "stdio.h"
    from D:/cft4cpp-core/data-test/paper/Algorithm/Utils.cpp: 1:    #include "utils.h"
D:/cft4cpp-core/data-test/paper/Algorithm/utils.h:2: error: Can't open include file "stdlib.h"
    #include <stdlib.h>
    from D:/cft4cpp-core/data-test/paper/Algorithm/Utils.cpp: 1:    #include "utils.h"
D:/cft4cpp-core/data-test/paper/Algorithm/Utils.cpp:658: error: Can't open include file "bits/stdc++.h"
    #include <bits/stdc++.h>
D:/cft4cpp-core/data-test/paper/Algorithm/utils.h:1: error: Can't open include file "stdio.h"
    #include "stdio.h"
    from D:/cft4cpp-core/data-test/paper/Algorithm/Utils.cpp: 1:    #include "utils.h"
D:/cft4cpp-core/data-test/paper/Algorithm/utils.h:2: error: Can't open include file "stdlib.h"
    #include <stdlib.h>
    from D:/cft4cpp-core/data-test/paper/Algorithm/Utils.cpp: 1:    #include "utils.h"
D:/cft4cpp-core/data-test/paper/Algorithm/Utils.cpp:658: error: Can't open include file "bits/stdc++.h"
    #include <bits/stdc++.h>
D:/cft4cpp-core/data-test/paper/Algorithm/utils.h:1: error: Can't open include file "stdio.h"
    #include "stdio.h"
    from D:/cft4cpp-core/data-test/paper/Algorithm/Utils.cpp: 1:    #include "utils.h"
D:/cft4cpp-core/data-test/paper/Algorithm/utils.h:2: error: Can't open include file "stdlib.h"
    #include <stdlib.h>
    from D:/cft4cpp-core/data-test/paper/Algorithm/Utils.cpp: 1:    #include "utils.h"
D:/cft4cpp-core/data-test/paper/Algorithm/Utils.cpp:658: error: Can't open include file "bits/stdc++.h"
    #include <bits/stdc++.h>
D:/cft4cpp-core/data-test/ducanh/SymbolicExecutionTest/basicTest.cpp:4: error: Can't open include file "iostream"
    #include <iostream>
D:/cft4cpp-core/data-test/paper/Algorithm/utils.h:1: error: Can't open include file "stdio.h"
    #include "stdio.h"
    from D:/cft4cpp-core/data-test/paper/Algorithm/Utils.cpp: 1:    #include "utils.h"
D:/cft4cpp-core/data-test/paper/Algorithm/utils.h:2: error: Can't open include file "stdlib.h"
    #include <stdlib.h>
    from D:/cft4cpp-core/data-test/paper/Algorithm/Utils.cpp: 1:    #include "utils.h"
D:/cft4cpp-core/data-test/paper/Algorithm/Utils.cpp:658: error: Can't open include file "bits/stdc++.h"
    #include <bits/stdc++.h>
D:/cft4cpp-core/data-test/paper/Algorithm/utils.h:1: error: Can't open include file "stdio.h"
    #include "stdio.h"
    from D:/cft4cpp-core/data-test/paper/Algorithm/Utils.cpp: 1:    #include "utils.h"
D:/cft4cpp-core/data-test/paper/Algorithm/utils.h:2: error: Can't open include file "stdlib.h"
    #include <stdlib.h>
    from D:/cft4cpp-core/data-test/paper/Algorithm/Utils.cpp: 1:    #include "utils.h"
D:/cft4cpp-core/data-test/paper/Algorithm/Utils.cpp:658: error: Can't open include file "bits/stdc++.h"
    #include <bits/stdc++.h>
D:/cft4cpp-core/data-test/paper/Algorithm/utils.h:1: error: Can't open include file "stdio.h"
    #include "stdio.h"
    from D:/cft4cpp-core/data-test/paper/Algorithm/Utils.cpp: 1:    #include "utils.h"
D:/cft4cpp-core/data-test/paper/Algorithm/utils.h:2: error: Can't open include file "stdlib.h"
    #include <stdlib.h>
    from D:/cft4cpp-core/data-test/paper/Algorithm/Utils.cpp: 1:    #include "utils.h"
D:/cft4cpp-core/data-test/paper/Algorithm/Utils.cpp:658: error: Can't open include file "bits/stdc++.h"
    #include <bits/stdc++.h>
D:/cft4cpp-core/data-test/paper/Algorithm/utils.h:1: error: Can't open include file "stdio.h"
    #include "stdio.h"
    from D:/cft4cpp-core/data-test/paper/Algorithm/Utils.cpp: 1:    #include "utils.h"
D:/cft4cpp-core/data-test/paper/Algorithm/utils.h:2: error: Can't open include file "stdlib.h"
    #include <stdlib.h>
    from D:/cft4cpp-core/data-test/paper/Algorithm/Utils.cpp: 1:    #include "utils.h"
D:/cft4cpp-core/data-test/paper/Algorithm/Utils.cpp:658: error: Can't open include file "bits/stdc++.h"
    #include <bits/stdc++.h>
D:/cft4cpp-core/data-test/paper/Algorithm/utils.h:1: error: Can't open include file "stdio.h"
    #include "stdio.h"
    from D:/cft4cpp-core/data-test/paper/Algorithm/Utils.cpp: 1:    #include "utils.h"
D:/cft4cpp-core/data-test/paper/Algorithm/utils.h:2: error: Can't open include file "stdlib.h"
    #include <stdlib.h>
    from D:/cft4cpp-core/data-test/paper/Algorithm/Utils.cpp: 1:    #include "utils.h"
D:/cft4cpp-core/data-test/paper/Algorithm/Utils.cpp:658: error: Can't open include file "bits/stdc++.h"
    #include <bits/stdc++.h>
D:/cft4cpp-core/data-test/ducanh/SymbolicExecutionTest/basicTest.cpp:4: error: Can't open include file "iostream"
    #include <iostream>
D:/cft4cpp-core/data-test/paper/Algorithm/utils.h:1: error: Can't open include file "stdio.h"
    #include "stdio.h"
    from D:/cft4cpp-core/data-test/paper/Algorithm/Utils.cpp: 1:    #include "utils.h"
D:/cft4cpp-core/data-test/paper/Algorithm/utils.h:2: error: Can't open include file "stdlib.h"
    #include <stdlib.h>
    from D:/cft4cpp-core/data-test/paper/Algorithm/Utils.cpp: 1:    #include "utils.h"
D:/cft4cpp-core/data-test/paper/Algorithm/Utils.cpp:658: error: Can't open include file "bits/stdc++.h"
    #include <bits/stdc++.h>
D:/cft4cpp-core/data-test/paper/Algorithm/utils.h:1: error: Can't open include file "stdio.h"
    #include "stdio.h"
    from D:/cft4cpp-core/data-test/paper/Algorithm/Utils.cpp: 1:    #include "utils.h"
D:/cft4cpp-core/data-test/paper/Algorithm/utils.h:2: error: Can't open include file "stdlib.h"
    #include <stdlib.h>
    from D:/cft4cpp-core/data-test/paper/Algorithm/Utils.cpp: 1:    #include "utils.h"
D:/cft4cpp-core/data-test/paper/Algorithm/Utils.cpp:658: error: Can't open include file "bits/stdc++.h"
    #include <bits/stdc++.h>
D:/cft4cpp-core/data-test/paper/Algorithm/utils.h:1: error: Can't open include file "stdio.h"
    #include "stdio.h"
    from D:/cft4cpp-core/data-test/paper/Algorithm/Utils.cpp: 1:    #include "utils.h"
D:/cft4cpp-core/data-test/paper/Algorithm/utils.h:2: error: Can't open include file "stdlib.h"
    #include <stdlib.h>
    from D:/cft4cpp-core/data-test/paper/Algorithm/Utils.cpp: 1:    #include "utils.h"
D:/cft4cpp-core/data-test/paper/Algorithm/Utils.cpp:658: error: Can't open include file "bits/stdc++.h"
    #include <bits/stdc++.h>
D:/cft4cpp-core/data-test/paper/Algorithm/utils.h:1: error: Can't open include file "stdio.h"
    #include "stdio.h"
    from D:/cft4cpp-core/data-test/paper/Algorithm/Utils.cpp: 1:    #include "utils.h"
D:/cft4cpp-core/data-test/paper/Algorithm/utils.h:2: error: Can't open include file "stdlib.h"
    #include <stdlib.h>
    from D:/cft4cpp-core/data-test/paper/Algorithm/Utils.cpp: 1:    #include "utils.h"
D:/cft4cpp-core/data-test/paper/Algorithm/Utils.cpp:658: error: Can't open include file "bits/stdc++.h"
    #include <bits/stdc++.h>
D:/cft4cpp-core/data-test/paper/Algorithm/utils.h:1: error: Can't open include file "stdio.h"
    #include "stdio.h"
    from D:/cft4cpp-core/data-test/paper/Algorithm/Utils.cpp: 1:    #include "utils.h"
D:/cft4cpp-core/data-test/paper/Algorithm/utils.h:2: error: Can't open include file "stdlib.h"
    #include <stdlib.h>
    from D:/cft4cpp-core/data-test/paper/Algorithm/Utils.cpp: 1:    #include "utils.h"
D:/cft4cpp-core/data-test/paper/Algorithm/Utils.cpp:658: error: Can't open include file "bits/stdc++.h"
    #include <bits/stdc++.h>
D:/cft4cpp-core/data-test/paper/Algorithm/utils.h:1: error: Can't open include file "stdio.h"
    #include "stdio.h"
    from D:/cft4cpp-core/data-test/paper/Algorithm/Utils.cpp: 1:    #include "utils.h"
D:/cft4cpp-core/data-test/paper/Algorithm/utils.h:2: error: Can't open include file "stdlib.h"
    #include <stdlib.h>
    from D:/cft4cpp-core/data-test/paper/Algorithm/Utils.cpp: 1:    #include "utils.h"
D:/cft4cpp-core/data-test/paper/Algorithm/Utils.cpp:658: error: Can't open include file "bits/stdc++.h"
    #include <bits/stdc++.h>
D:/cft4cpp-core/data-test/paper/Algorithm/utils.h:1: error: Can't open include file "stdio.h"
    #include "stdio.h"
    from D:/cft4cpp-core/data-test/paper/Algorithm/Utils.cpp: 1:    #include "utils.h"
D:/cft4cpp-core/data-test/paper/Algorithm/utils.h:2: error: Can't open include file "stdlib.h"
    #include <stdlib.h>
    from D:/cft4cpp-core/data-test/paper/Algorithm/Utils.cpp: 1:    #include "utils.h"
D:/cft4cpp-core/data-test/paper/Algorithm/Utils.cpp:658: error: Can't open include file "bits/stdc++.h"
    #include <bits/stdc++.h>
D:/cft4cpp-core/data-test/paper/Algorithm/utils.h:1: error: Can't open include file "stdio.h"
    #include "stdio.h"
    from D:/cft4cpp-core/data-test/paper/Algorithm/Utils.cpp: 1:    #include "utils.h"
D:/cft4cpp-core/data-test/paper/Algorithm/utils.h:2: error: Can't open include file "stdlib.h"
    #include <stdlib.h>
    from D:/cft4cpp-core/data-test/paper/Algorithm/Utils.cpp: 1:    #include "utils.h"
D:/cft4cpp-core/data-test/paper/Algorithm/Utils.cpp:658: error: Can't open include file "bits/stdc++.h"
    #include <bits/stdc++.h>
D:/cft4cpp-core/data-test/paper/Algorithm/utils.h:1: error: Can't open include file "stdio.h"
    #include "stdio.h"
    from D:/cft4cpp-core/data-test/paper/Algorithm/Utils.cpp: 1:    #include "utils.h"
D:/cft4cpp-core/data-test/paper/Algorithm/utils.h:2: error: Can't open include file "stdlib.h"
    #include <stdlib.h>
    from D:/cft4cpp-core/data-test/paper/Algorithm/Utils.cpp: 1:    #include "utils.h"
D:/cft4cpp-core/data-test/paper/Algorithm/Utils.cpp:658: error: Can't open include file "bits/stdc++.h"
    #include <bits/stdc++.h>
D:/cft4cpp-core/data-test/paper/Algorithm/utils.h:1: error: Can't open include file "stdio.h"
    #include "stdio.h"
    from D:/cft4cpp-core/data-test/paper/Algorithm/Utils.cpp: 1:    #include "utils.h"
D:/cft4cpp-core/data-test/paper/Algorithm/utils.h:2: error: Can't open include file "stdlib.h"
    #include <stdlib.h>
    from D:/cft4cpp-core/data-test/paper/Algorithm/Utils.cpp: 1:    #include "utils.h"
D:/cft4cpp-core/data-test/paper/Algorithm/Utils.cpp:658: error: Can't open include file "bits/stdc++.h"
    #include <bits/stdc++.h>
D:/cft4cpp-core/data-test/paper/Algorithm/utils.h:1: error: Can't open include file "stdio.h"
    #include "stdio.h"
    from D:/cft4cpp-core/data-test/paper/Algorithm/Utils.cpp: 1:    #include "utils.h"
D:/cft4cpp-core/data-test/paper/Algorithm/utils.h:2: error: Can't open include file "stdlib.h"
    #include <stdlib.h>
    from D:/cft4cpp-core/data-test/paper/Algorithm/Utils.cpp: 1:    #include "utils.h"
D:/cft4cpp-core/data-test/paper/Algorithm/Utils.cpp:658: error: Can't open include file "bits/stdc++.h"
    #include <bits/stdc++.h>
D:/cft4cpp-core/data-test/paper/Algorithm/utils.h:1: error: Can't open include file "stdio.h"
    #include "stdio.h"
    from D:/cft4cpp-core/data-test/paper/Algorithm/Utils.cpp: 1:    #include "utils.h"
D:/cft4cpp-core/data-test/paper/Algorithm/utils.h:2: error: Can't open include file "stdlib.h"
    #include <stdlib.h>
    from D:/cft4cpp-core/data-test/paper/Algorithm/Utils.cpp: 1:    #include "utils.h"
D:/cft4cpp-core/data-test/paper/Algorithm/Utils.cpp:658: error: Can't open include file "bits/stdc++.h"
    #include <bits/stdc++.h>
D:/cft4cpp-core/data-test/paper/Algorithm/utils.h:1: error: Can't open include file "stdio.h"
    #include "stdio.h"
    from D:/cft4cpp-core/data-test/paper/Algorithm/Utils.cpp: 1:    #include "utils.h"
D:/cft4cpp-core/data-test/paper/Algorithm/utils.h:2: error: Can't open include file "stdlib.h"
    #include <stdlib.h>
    from D:/cft4cpp-core/data-test/paper/Algorithm/Utils.cpp: 1:    #include "utils.h"
D:/cft4cpp-core/data-test/paper/Algorithm/Utils.cpp:658: error: Can't open include file "bits/stdc++.h"
    #include <bits/stdc++.h>
D:/cft4cpp-core/data-test/paper/Algorithm/utils.h:1: error: Can't open include file "stdio.h"
    #include "stdio.h"
    from D:/cft4cpp-core/data-test/paper/Algorithm/Utils.cpp: 1:    #include "utils.h"
D:/cft4cpp-core/data-test/paper/Algorithm/utils.h:2: error: Can't open include file "stdlib.h"
    #include <stdlib.h>
    from D:/cft4cpp-core/data-test/paper/Algorithm/Utils.cpp: 1:    #include "utils.h"
D:/cft4cpp-core/data-test/paper/Algorithm/Utils.cpp:658: error: Can't open include file "bits/stdc++.h"
    #include <bits/stdc++.h>
D:/cft4cpp-core/data-test/paper/Algorithm/utils.h:1: error: Can't open include file "stdio.h"
    #include "stdio.h"
    from D:/cft4cpp-core/data-test/paper/Algorithm/Utils.cpp: 1:    #include "utils.h"
D:/cft4cpp-core/data-test/paper/Algorithm/utils.h:2: error: Can't open include file "stdlib.h"
    #include <stdlib.h>
    from D:/cft4cpp-core/data-test/paper/Algorithm/Utils.cpp: 1:    #include "utils.h"
D:/cft4cpp-core/data-test/paper/Algorithm/Utils.cpp:658: error: Can't open include file "bits/stdc++.h"
    #include <bits/stdc++.h>
D:/cft4cpp-core/data-test/paper/Algorithm/utils.h:1: error: Can't open include file "stdio.h"
    #include "stdio.h"
    from D:/cft4cpp-core/data-test/paper/Algorithm/Utils.cpp: 1:    #include "utils.h"
D:/cft4cpp-core/data-test/paper/Algorithm/utils.h:2: error: Can't open include file "stdlib.h"
    #include <stdlib.h>
    from D:/cft4cpp-core/data-test/paper/Algorithm/Utils.cpp: 1:    #include "utils.h"
D:/cft4cpp-core/data-test/paper/Algorithm/Utils.cpp:658: error: Can't open include file "bits/stdc++.h"
    #include <bits/stdc++.h>
D:/cft4cpp-core/data-test/paper/Algorithm/utils.h:1: error: Can't open include file "stdio.h"
    #include "stdio.h"
    from D:/cft4cpp-core/data-test/paper/Algorithm/Utils.cpp: 1:    #include "utils.h"
D:/cft4cpp-core/data-test/paper/Algorithm/utils.h:2: error: Can't open include file "stdlib.h"
    #include <stdlib.h>
    from D:/cft4cpp-core/data-test/paper/Algorithm/Utils.cpp: 1:    #include "utils.h"
D:/cft4cpp-core/data-test/paper/Algorithm/Utils.cpp:658: error: Can't open include file "bits/stdc++.h"
    #include <bits/stdc++.h>
D:/cft4cpp-core/data-test/paper/Algorithm/utils.h:1: error: Can't open include file "stdio.h"
    #include "stdio.h"
    from D:/cft4cpp-core/data-test/paper/Algorithm/Utils.cpp: 1:    #include "utils.h"
D:/cft4cpp-core/data-test/paper/Algorithm/utils.h:2: error: Can't open include file "stdlib.h"
    #include <stdlib.h>
    from D:/cft4cpp-core/data-test/paper/Algorithm/Utils.cpp: 1:    #include "utils.h"
D:/cft4cpp-core/data-test/paper/Algorithm/Utils.cpp:658: error: Can't open include file "bits/stdc++.h"
    #include <bits/stdc++.h>
D:/cft4cpp-core/data-test/paper/Algorithm/utils.h:1: error: Can't open include file "stdio.h"
    #include "stdio.h"
    from D:/cft4cpp-core/data-test/paper/Algorithm/Utils.cpp: 1:    #include "utils.h"
D:/cft4cpp-core/data-test/paper/Algorithm/utils.h:2: error: Can't open include file "stdlib.h"
    #include <stdlib.h>
    from D:/cft4cpp-core/data-test/paper/Algorithm/Utils.cpp: 1:    #include "utils.h"
D:/cft4cpp-core/data-test/paper/Algorithm/Utils.cpp:658: error: Can't open include file "bits/stdc++.h"
    #include <bits/stdc++.h>
D:/cft4cpp-core/data-test/paper/Algorithm/utils.h:1: error: Can't open include file "stdio.h"
    #include "stdio.h"
    from D:/cft4cpp-core/data-test/paper/Algorithm/Utils.cpp: 1:    #include "utils.h"
D:/cft4cpp-core/data-test/paper/Algorithm/utils.h:2: error: Can't open include file "stdlib.h"
    #include <stdlib.h>
    from D:/cft4cpp-core/data-test/paper/Algorithm/Utils.cpp: 1:    #include "utils.h"
D:/cft4cpp-core/data-test/paper/Algorithm/Utils.cpp:658: error: Can't open include file "bits/stdc++.h"
    #include <bits/stdc++.h>
D:/cft4cpp-core/data-test/paper/Algorithm/utils.h:1: error: Can't open include file "stdio.h"
    #include "stdio.h"
    from D:/cft4cpp-core/data-test/paper/Algorithm/Utils.cpp: 1:    #include "utils.h"
D:/cft4cpp-core/data-test/paper/Algorithm/utils.h:2: error: Can't open include file "stdlib.h"
    #include <stdlib.h>
    from D:/cft4cpp-core/data-test/paper/Algorithm/Utils.cpp: 1:    #include "utils.h"
D:/cft4cpp-core/data-test/paper/Algorithm/Utils.cpp:658: error: Can't open include file "bits/stdc++.h"
    #include <bits/stdc++.h>
D:/cft4cpp-core/data-test/paper/Algorithm/utils.h:1: error: Can't open include file "stdio.h"
    #include "stdio.h"
    from D:/cft4cpp-core/data-test/paper/Algorithm/Utils.cpp: 1:    #include "utils.h"
D:/cft4cpp-core/data-test/paper/Algorithm/utils.h:2: error: Can't open include file "stdlib.h"
    #include <stdlib.h>
    from D:/cft4cpp-core/data-test/paper/Algorithm/Utils.cpp: 1:    #include "utils.h"
D:/cft4cpp-core/data-test/paper/Algorithm/Utils.cpp:658: error: Can't open include file "bits/stdc++.h"
    #include <bits/stdc++.h>
D:/cft4cpp-core/data-test/paper/Algorithm/utils.h:1: error: Can't open include file "stdio.h"
    #include "stdio.h"
    from D:/cft4cpp-core/data-test/paper/Algorithm/Utils.cpp: 1:    #include "utils.h"
D:/cft4cpp-core/data-test/paper/Algorithm/utils.h:2: error: Can't open include file "stdlib.h"
    #include <stdlib.h>
    from D:/cft4cpp-core/data-test/paper/Algorithm/Utils.cpp: 1:    #include "utils.h"
D:/cft4cpp-core/data-test/paper/Algorithm/Utils.cpp:658: error: Can't open include file "bits/stdc++.h"
    #include <bits/stdc++.h>
D:/cft4cpp-core/data-test/paper/Algorithm/utils.h:1: error: Can't open include file "stdio.h"
    #include "stdio.h"
    from D:/cft4cpp-core/data-test/paper/Algorithm/Utils.cpp: 1:    #include "utils.h"
D:/cft4cpp-core/data-test/paper/Algorithm/utils.h:2: error: Can't open include file "stdlib.h"
    #include <stdlib.h>
    from D:/cft4cpp-core/data-test/paper/Algorithm/Utils.cpp: 1:    #include "utils.h"
D:/cft4cpp-core/data-test/paper/Algorithm/Utils.cpp:658: error: Can't open include file "bits/stdc++.h"
    #include <bits/stdc++.h>
D:/cft4cpp-core/data-test/paper/Algorithm/utils.h:1: error: Can't open include file "stdio.h"
    #include "stdio.h"
    from D:/cft4cpp-core/data-test/paper/Algorithm/Utils.cpp: 1:    #include "utils.h"
D:/cft4cpp-core/data-test/paper/Algorithm/utils.h:2: error: Can't open include file "stdlib.h"
    #include <stdlib.h>
    from D:/cft4cpp-core/data-test/paper/Algorithm/Utils.cpp: 1:    #include "utils.h"
D:/cft4cpp-core/data-test/paper/Algorithm/Utils.cpp:658: error: Can't open include file "bits/stdc++.h"
    #include <bits/stdc++.h>
D:/cft4cpp-core/data-test/paper/Algorithm/utils.h:1: error: Can't open include file "stdio.h"
    #include "stdio.h"
    from D:/cft4cpp-core/data-test/paper/Algorithm/Utils.cpp: 1:    #include "utils.h"
D:/cft4cpp-core/data-test/paper/Algorithm/utils.h:2: error: Can't open include file "stdlib.h"
    #include <stdlib.h>
    from D:/cft4cpp-core/data-test/paper/Algorithm/Utils.cpp: 1:    #include "utils.h"
D:/cft4cpp-core/data-test/paper/Algorithm/Utils.cpp:658: error: Can't open include file "bits/stdc++.h"
    #include <bits/stdc++.h>
D:/cft4cpp-core/data-test/paper/Algorithm/utils.h:1: error: Can't open include file "stdio.h"
    #include "stdio.h"
    from D:/cft4cpp-core/data-test/paper/Algorithm/Utils.cpp: 1:    #include "utils.h"
D:/cft4cpp-core/data-test/paper/Algorithm/utils.h:2: error: Can't open include file "stdlib.h"
    #include <stdlib.h>
    from D:/cft4cpp-core/data-test/paper/Algorithm/Utils.cpp: 1:    #include "utils.h"
D:/cft4cpp-core/data-test/paper/Algorithm/Utils.cpp:658: error: Can't open include file "bits/stdc++.h"
    #include <bits/stdc++.h>
D:/cft4cpp-core/data-test/paper/Algorithm/utils.h:1: error: Can't open include file "stdio.h"
    #include "stdio.h"
    from D:/cft4cpp-core/data-test/paper/Algorithm/Utils.cpp: 1:    #include "utils.h"
D:/cft4cpp-core/data-test/paper/Algorithm/utils.h:2: error: Can't open include file "stdlib.h"
    #include <stdlib.h>
    from D:/cft4cpp-core/data-test/paper/Algorithm/Utils.cpp: 1:    #include "utils.h"
D:/cft4cpp-core/data-test/paper/Algorithm/Utils.cpp:658: error: Can't open include file "bits/stdc++.h"
    #include <bits/stdc++.h>
D:/cft4cpp-core/data-test/paper/Algorithm/utils.h:1: error: Can't open include file "stdio.h"
    #include "stdio.h"
    from D:/cft4cpp-core/data-test/paper/Algorithm/Utils.cpp: 1:    #include "utils.h"
D:/cft4cpp-core/data-test/paper/Algorithm/utils.h:2: error: Can't open include file "stdlib.h"
    #include <stdlib.h>
    from D:/cft4cpp-core/data-test/paper/Algorithm/Utils.cpp: 1:    #include "utils.h"
D:/cft4cpp-core/data-test/paper/Algorithm/Utils.cpp:658: error: Can't open include file "bits/stdc++.h"
    #include <bits/stdc++.h>
D:/cft4cpp-core/data-test/paper/Algorithm/utils.h:1: error: Can't open include file "stdio.h"
    #include "stdio.h"
    from D:/cft4cpp-core/data-test/paper/Algorithm/Utils.cpp: 1:    #include "utils.h"
D:/cft4cpp-core/data-test/paper/Algorithm/utils.h:2: error: Can't open include file "stdlib.h"
    #include <stdlib.h>
    from D:/cft4cpp-core/data-test/paper/Algorithm/Utils.cpp: 1:    #include "utils.h"
D:/cft4cpp-core/data-test/paper/Algorithm/Utils.cpp:658: error: Can't open include file "bits/stdc++.h"
    #include <bits/stdc++.h>
D:/cft4cpp-core/data-test/paper/Algorithm/utils.h:1: error: Can't open include file "stdio.h"
    #include "stdio.h"
    from D:/cft4cpp-core/data-test/paper/Algorithm/Utils.cpp: 1:    #include "utils.h"
D:/cft4cpp-core/data-test/paper/Algorithm/utils.h:2: error: Can't open include file "stdlib.h"
    #include <stdlib.h>
    from D:/cft4cpp-core/data-test/paper/Algorithm/Utils.cpp: 1:    #include "utils.h"
D:/cft4cpp-core/data-test/paper/Algorithm/Utils.cpp:658: error: Can't open include file "bits/stdc++.h"
    #include <bits/stdc++.h>
D:/cft4cpp-core/data-test/paper/Algorithm/utils.h:1: error: Can't open include file "stdio.h"
    #include "stdio.h"
    from D:/cft4cpp-core/data-test/paper/Algorithm/Utils.cpp: 1:    #include "utils.h"
D:/cft4cpp-core/data-test/paper/Algorithm/utils.h:2: error: Can't open include file "stdlib.h"
    #include <stdlib.h>
    from D:/cft4cpp-core/data-test/paper/Algorithm/Utils.cpp: 1:    #include "utils.h"
D:/cft4cpp-core/data-test/paper/Algorithm/Utils.cpp:658: error: Can't open include file "bits/stdc++.h"
    #include <bits/stdc++.h>
D:/cft4cpp-core/data-test/paper/Algorithm/utils.h:1: error: Can't open include file "stdio.h"
    #include "stdio.h"
    from D:/cft4cpp-core/data-test/paper/Algorithm/Utils.cpp: 1:    #include "utils.h"
D:/cft4cpp-core/data-test/paper/Algorithm/utils.h:2: error: Can't open include file "stdlib.h"
    #include <stdlib.h>
    from D:/cft4cpp-core/data-test/paper/Algorithm/Utils.cpp: 1:    #include "utils.h"
D:/cft4cpp-core/data-test/paper/Algorithm/Utils.cpp:658: error: Can't open include file "bits/stdc++.h"
    #include <bits/stdc++.h>
D:/cft4cpp-core/data-test/paper/Algorithm/utils.h:1: error: Can't open include file "stdio.h"
    #include "stdio.h"
    from D:/cft4cpp-core/data-test/paper/Algorithm/Utils.cpp: 1:    #include "utils.h"
D:/cft4cpp-core/data-test/paper/Algorithm/utils.h:2: error: Can't open include file "stdlib.h"
    #include <stdlib.h>
    from D:/cft4cpp-core/data-test/paper/Algorithm/Utils.cpp: 1:    #include "utils.h"
D:/cft4cpp-core/data-test/paper/Algorithm/Utils.cpp:658: error: Can't open include file "bits/stdc++.h"
    #include <bits/stdc++.h>
D:/cft4cpp-core/data-test/paper/Algorithm/utils.h:1: error: Can't open include file "stdio.h"
    #include "stdio.h"
    from D:/cft4cpp-core/data-test/paper/Algorithm/Utils.cpp: 1:    #include "utils.h"
D:/cft4cpp-core/data-test/paper/Algorithm/utils.h:2: error: Can't open include file "stdlib.h"
    #include <stdlib.h>
    from D:/cft4cpp-core/data-test/paper/Algorithm/Utils.cpp: 1:    #include "utils.h"
D:/cft4cpp-core/data-test/paper/Algorithm/Utils.cpp:658: error: Can't open include file "bits/stdc++.h"
    #include <bits/stdc++.h>
D:/cft4cpp-core/data-test/paper/Algorithm/utils.h:1: error: Can't open include file "stdio.h"
    #include "stdio.h"
    from D:/cft4cpp-core/data-test/paper/Algorithm/Utils.cpp: 1:    #include "utils.h"
D:/cft4cpp-core/data-test/paper/Algorithm/utils.h:2: error: Can't open include file "stdlib.h"
    #include <stdlib.h>
    from D:/cft4cpp-core/data-test/paper/Algorithm/Utils.cpp: 1:    #include "utils.h"
D:/cft4cpp-core/data-test/paper/Algorithm/Utils.cpp:658: error: Can't open include file "bits/stdc++.h"
    #include <bits/stdc++.h>
D:/cft4cpp-core/data-test/paper/Algorithm/utils.h:1: error: Can't open include file "stdio.h"
    #include "stdio.h"
    from D:/cft4cpp-core/data-test/paper/Algorithm/Utils.cpp: 1:    #include "utils.h"
D:/cft4cpp-core/data-test/paper/Algorithm/utils.h:2: error: Can't open include file "stdlib.h"
    #include <stdlib.h>
    from D:/cft4cpp-core/data-test/paper/Algorithm/Utils.cpp: 1:    #include "utils.h"
D:/cft4cpp-core/data-test/paper/Algorithm/Utils.cpp:658: error: Can't open include file "bits/stdc++.h"
    #include <bits/stdc++.h>
D:/cft4cpp-core/data-test/paper/Algorithm/utils.h:1: error: Can't open include file "stdio.h"
    #include "stdio.h"
    from D:/cft4cpp-core/data-test/paper/Algorithm/Utils.cpp: 1:    #include "utils.h"
D:/cft4cpp-core/data-test/paper/Algorithm/utils.h:2: error: Can't open include file "stdlib.h"
    #include <stdlib.h>
    from D:/cft4cpp-core/data-test/paper/Algorithm/Utils.cpp: 1:    #include "utils.h"
D:/cft4cpp-core/data-test/paper/Algorithm/Utils.cpp:658: error: Can't open include file "bits/stdc++.h"
    #include <bits/stdc++.h>
D:/cft4cpp-core/data-test/tsdv/Sample_for_R1/BasicType.cpp:142: error: Excessive token sequence "#include <iostream> #include <fstream> #include <stdlib.h> using namespace std; void writeContentToFile(char* path, string content){ofstream myfile;myfile.open(path);myfile << content;myfile.close();} string build = "";bool mark(string append){build += append + "\n";writeContentToFile("D:/cft4cpp-core/data-test/tsdv/Sample_for_R1/0", build);return true;} int IntTest(int x){mark("statement={###line-of-blockin-function=1###openning-function=true");"
    #include <string> #include <iostream> #include <fstream> #include <stdlib.h> using namespace std; void writeContentToFile(char* path, string content){ofstream myfile;myfile.open(path);myfile << content;myfile.close();} string build = "";bool mark(string append){build += append + "\n";writeContentToFile("D:/cft4cpp-core/data-test/tsdv/Sample_for_R1/0", build);return true;} int IntTest(int x){mark("statement={###line-of-blockin-function=1###openning-function=true");
D:/cft4cpp-core/data-test/tsdv/Sample_for_R1/BasicType.cpp:142: error: Excessive token sequence "#include <iostream> #include <fstream> #include <stdlib.h> using namespace std; void writeContentToFile(char* path, string content){ofstream myfile;myfile.open(path);myfile << content;myfile.close();} string build = "";bool mark(string append){build += append + "\n";writeContentToFile("D:/cft4cpp-core/data-test/tsdv/Sample_for_R1/0", build);return true;} int IntTest(int x){mark("statement={###line-of-blockin-function=1###openning-function=true");"
    #include <string> #include <iostream> #include <fstream> #include <stdlib.h> using namespace std; void writeContentToFile(char* path, string content){ofstream myfile;myfile.open(path);myfile << content;myfile.close();} string build = "";bool mark(string append){build += append + "\n";writeContentToFile("D:/cft4cpp-core/data-test/tsdv/Sample_for_R1/0", build);return true;} int IntTest(int x){mark("statement={###line-of-blockin-function=1###openning-function=true");
D:/cft4cpp-core/data-test/tsdv/Sample_for_R1/BasicType.cpp:142: error: Excessive token sequence "#include <iostream> #include <fstream> #include <stdlib.h> using namespace std; void writeContentToFile(char* path, string content){ofstream myfile;myfile.open(path);myfile << content;myfile.close();} string build = "";bool mark(string append){build += append + "\n";writeContentToFile("D:/cft4cpp-core/data-test/tsdv/Sample_for_R1/0", build);return true;} int IntTest(int x){mark("statement={###line-of-blockin-function=1###openning-function=true");"
    #include <string> #include <iostream> #include <fstream> #include <stdlib.h> using namespace std; void writeContentToFile(char* path, string content){ofstream myfile;myfile.open(path);myfile << content;myfile.close();} string build = "";bool mark(string append){build += append + "\n";writeContentToFile("D:/cft4cpp-core/data-test/tsdv/Sample_for_R1/0", build);return true;} int IntTest(int x){mark("statement={###line-of-blockin-function=1###openning-function=true");
D:/cft4cpp-core/data-test/tsdv/Sample_for_R1/BasicType.cpp:142: error: Excessive token sequence "#include <iostream> #include <fstream> #include <stdlib.h> using namespace std; void writeContentToFile(char* path, string content){ofstream myfile;myfile.open(path);myfile << content;myfile.close();} string build = "";bool mark(string append){build += append + "\n";writeContentToFile("D:/cft4cpp-core/data-test/tsdv/Sample_for_R1/0", build);return true;} int IntTest(int x){mark("statement={###line-of-blockin-function=1###openning-function=true");"
    #include <string> #include <iostream> #include <fstream> #include <stdlib.h> using namespace std; void writeContentToFile(char* path, string content){ofstream myfile;myfile.open(path);myfile << content;myfile.close();} string build = "";bool mark(string append){build += append + "\n";writeContentToFile("D:/cft4cpp-core/data-test/tsdv/Sample_for_R1/0", build);return true;} int IntTest(int x){mark("statement={###line-of-blockin-function=1###openning-function=true");
D:/cft4cpp-core/data-test/tsdv/Sample_for_R1/BasicType.cpp:142: error: Excessive token sequence "#include <iostream> #include <fstream> #include <stdlib.h> using namespace std; void writeContentToFile(char* path, string content){ofstream myfile;myfile.open(path);myfile << content;myfile.close();} string build = "";bool mark(string append){build += append + "\n";writeContentToFile("D:/cft4cpp-core/data-test/tsdv/Sample_for_R1/0", build);return true;} int IntTest(int x){mark("statement={###line-of-blockin-function=1###openning-function=true");"
    #include <string> #include <iostream> #include <fstream> #include <stdlib.h> using namespace std; void writeContentToFile(char* path, string content){ofstream myfile;myfile.open(path);myfile << content;myfile.close();} string build = "";bool mark(string append){build += append + "\n";writeContentToFile("D:/cft4cpp-core/data-test/tsdv/Sample_for_R1/0", build);return true;} int IntTest(int x){mark("statement={###line-of-blockin-function=1###openning-function=true");
D:/cft4cpp-core/data-test/tsdv/Sample_for_R1/BasicType.cpp:142: error: Excessive token sequence "#include <iostream> #include <fstream> #include <stdlib.h> using namespace std; void writeContentToFile(char* path, string content){ofstream myfile;myfile.open(path);myfile << content;myfile.close();} string build = "";bool mark(string append){build += append + "\n";writeContentToFile("D:/cft4cpp-core/data-test/tsdv/Sample_for_R1/0", build);return true;} int IntTest(int x){mark("statement={###line-of-blockin-function=1###openning-function=true");"
    #include <string> #include <iostream> #include <fstream> #include <stdlib.h> using namespace std; void writeContentToFile(char* path, string content){ofstream myfile;myfile.open(path);myfile << content;myfile.close();} string build = "";bool mark(string append){build += append + "\n";writeContentToFile("D:/cft4cpp-core/data-test/tsdv/Sample_for_R1/0", build);return true;} int IntTest(int x){mark("statement={###line-of-blockin-function=1###openning-function=true");
D:/cft4cpp-core/data-test/tsdv/Sample_for_R1/BasicType.cpp:142: error: Excessive token sequence "#include <iostream> #include <fstream> #include <stdlib.h> using namespace std; void writeContentToFile(char* path, string content){ofstream myfile;myfile.open(path);myfile << content;myfile.close();} string build = "";bool mark(string append){build += append + "\n";writeContentToFile("D:/cft4cpp-core/data-test/tsdv/Sample_for_R1/0", build);return true;} int IntTest(int x){mark("statement={###line-of-blockin-function=1###openning-function=true");"
    #include <string> #include <iostream> #include <fstream> #include <stdlib.h> using namespace std; void writeContentToFile(char* path, string content){ofstream myfile;myfile.open(path);myfile << content;myfile.close();} string build = "";bool mark(string append){build += append + "\n";writeContentToFile("D:/cft4cpp-core/data-test/tsdv/Sample_for_R1/0", build);return true;} int IntTest(int x){mark("statement={###line-of-blockin-function=1###openning-function=true");
D:/cft4cpp-core/data-test/tsdv/Sample_for_R1/BasicType.cpp:142: error: Excessive token sequence "#include <iostream> #include <fstream> #include <stdlib.h> using namespace std; void writeContentToFile(char* path, string content){ofstream myfile;myfile.open(path);myfile << content;myfile.close();} string build = "";bool mark(string append){build += append + "\n";writeContentToFile("D:/cft4cpp-core/data-test/tsdv/Sample_for_R1/0", build);return true;} int IntTest(int x){mark("statement={###line-of-blockin-function=1###openning-function=true");"
    #include <string> #include <iostream> #include <fstream> #include <stdlib.h> using namespace std; void writeContentToFile(char* path, string content){ofstream myfile;myfile.open(path);myfile << content;myfile.close();} string build = "";bool mark(string append){build += append + "\n";writeContentToFile("D:/cft4cpp-core/data-test/tsdv/Sample_for_R1/0", build);return true;} int IntTest(int x){mark("statement={###line-of-blockin-function=1###openning-function=true");
D:/cft4cpp-core/data-test/tsdv/Sample_for_R1/BasicType.cpp:142: error: Excessive token sequence "#include <iostream> #include <fstream> #include <stdlib.h> using namespace std; void writeContentToFile(char* path, string content){ofstream myfile;myfile.open(path);myfile << content;myfile.close();} string build = "";bool mark(string append){build += append + "\n";writeContentToFile("D:/cft4cpp-core/data-test/tsdv/Sample_for_R1/0", build);return true;} int IntTest(int x){mark("statement={###line-of-blockin-function=1###openning-function=true");"
    #include <string> #include <iostream> #include <fstream> #include <stdlib.h> using namespace std; void writeContentToFile(char* path, string content){ofstream myfile;myfile.open(path);myfile << content;myfile.close();} string build = "";bool mark(string append){build += append + "\n";writeContentToFile("D:/cft4cpp-core/data-test/tsdv/Sample_for_R1/0", build);return true;} int IntTest(int x){mark("statement={###line-of-blockin-function=1###openning-function=true");
D:/cft4cpp-core/data-test/tsdv/Sample_for_R1/BasicType.cpp:142: error: Excessive token sequence "#include <iostream> #include <fstream> #include <stdlib.h> using namespace std; void writeContentToFile(char* path, string content){ofstream myfile;myfile.open(path);myfile << content;myfile.close();} string build = "";bool mark(string append){build += append + "\n";writeContentToFile("D:/cft4cpp-core/data-test/tsdv/Sample_for_R1/0", build);return true;} int IntTest(int x){mark("statement={###line-of-blockin-function=1###openning-function=true");"
    #include <string> #include <iostream> #include <fstream> #include <stdlib.h> using namespace std; void writeContentToFile(char* path, string content){ofstream myfile;myfile.open(path);myfile << content;myfile.close();} string build = "";bool mark(string append){build += append + "\n";writeContentToFile("D:/cft4cpp-core/data-test/tsdv/Sample_for_R1/0", build);return true;} int IntTest(int x){mark("statement={###line-of-blockin-function=1###openning-function=true");
D:/cft4cpp-core/data-test/tsdv/Sample_for_R1/BasicType.cpp:142: error: Excessive token sequence "#include <iostream> #include <fstream> #include <stdlib.h> using namespace std; void writeContentToFile(char* path, string content){ofstream myfile;myfile.open(path);myfile << content;myfile.close();} string build = "";bool mark(string append){build += append + "\n";writeContentToFile("D:/cft4cpp-core/data-test/tsdv/Sample_for_R1/0", build);return true;} int IntTest(int x){mark("statement={###line-of-blockin-function=1###openning-function=true");"
    #include <string> #include <iostream> #include <fstream> #include <stdlib.h> using namespace std; void writeContentToFile(char* path, string content){ofstream myfile;myfile.open(path);myfile << content;myfile.close();} string build = "";bool mark(string append){build += append + "\n";writeContentToFile("D:/cft4cpp-core/data-test/tsdv/Sample_for_R1/0", build);return true;} int IntTest(int x){mark("statement={###line-of-blockin-function=1###openning-function=true");
D:/cft4cpp-core/data-test/tsdv/Sample_for_R1/BasicType.cpp:142: warning: Converted [CR+LF] to [LF]
    #include <string>#include <iostream>#include <fstream>#include <stdlib.h>using namespace std;void writeContentToFile(char* path, string content){ofstream myfile;myfile.open(path);myfile << content;myfile.close();}string build = "";bool mark(string append){build += append + "\n";writeContentToFile("D:/cft4cpp-core/data-test/tsdv/Sample_for_R1/0", build);return true;}int IntTest(int x);
D:/cft4cpp-core/data-test/tsdv/Sample_for_R1/BasicType.cpp:142: error: Excessive token sequence "#include <iostream> #include <fstream> #include <stdlib.h> using namespace std; void writeContentToFile(char* path, string content){ofstream myfile;myfile.open(path);myfile << content;myfile.close();} string build = "";bool mark(string append){build += append + "\n";writeContentToFile("D:/cft4cpp-core/data-test/tsdv/Sample_for_R1/0", build);return true;} int IntTest(int x);"
    #include <string> #include <iostream> #include <fstream> #include <stdlib.h> using namespace std; void writeContentToFile(char* path, string content){ofstream myfile;myfile.open(path);myfile << content;myfile.close();} string build = "";bool mark(string append){build += append + "\n";writeContentToFile("D:/cft4cpp-core/data-test/tsdv/Sample_for_R1/0", build);return true;} int IntTest(int x);
D:/cft4cpp-core/data-test/tsdv/Sample_for_R1/BasicType.cpp:147: error: Excessive token sequence "#include <iostream> #include <fstream> #include <stdlib.h> using namespace std; void writeContentToFile(char* path, string content){ofstream myfile;myfile.open(path);myfile << content;myfile.close();} string build = "";bool mark(string append){build += append + "\n";writeContentToFile("D:/cft4cpp-core/data-test/tsdv/Sample_for_R1/0", build);return true;} int IntTest(int x){mark("statement={###line-of-blockin-function=1###openning-function=true");"
    #include <string> #include <iostream> #include <fstream> #include <stdlib.h> using namespace std; void writeContentToFile(char* path, string content){ofstream myfile;myfile.open(path);myfile << content;myfile.close();} string build = "";bool mark(string append){build += append + "\n";writeContentToFile("D:/cft4cpp-core/data-test/tsdv/Sample_for_R1/0", build);return true;} int IntTest(int x){mark("statement={###line-of-blockin-function=1###openning-function=true");
D:/cft4cpp-core/data-test/tsdv/Sample_for_R1/BasicType.cpp:142: error: Excessive token sequence "#include <iostream> #include <fstream> #include <stdlib.h> using namespace std; void writeContentToFile(char* path, string content){ofstream myfile;myfile.open(path);myfile << content;myfile.close();} string build = "";bool mark(string append){build += append + "\n";writeContentToFile("D:/cft4cpp-core/data-test/tsdv/Sample_for_R1/0", build);return true;} int IntTest(int x){mark("statement={###line-of-blockin-function=1###openning-function=true");"
    #include <string> #include <iostream> #include <fstream> #include <stdlib.h> using namespace std; void writeContentToFile(char* path, string content){ofstream myfile;myfile.open(path);myfile << content;myfile.close();} string build = "";bool mark(string append){build += append + "\n";writeContentToFile("D:/cft4cpp-core/data-test/tsdv/Sample_for_R1/0", build);return true;} int IntTest(int x){mark("statement={###line-of-blockin-function=1###openning-function=true");
D:/cft4cpp-core/data-test/tsdv/Sample_for_R1/BasicType.cpp:142: error: Excessive token sequence "#include <iostream> #include <fstream> #include <stdlib.h> using namespace std; void writeContentToFile(char* path, string content){ofstream myfile;myfile.open(path);myfile << content;myfile.close();} string build = "";bool mark(string append){build += append + "\n";writeContentToFile("D:/cft4cpp-core/data-test/tsdv/Sample_for_R1/0", build);return true;} int IntTest(int x){mark("statement={###line-of-blockin-function=1###openning-function=true");"
    #include <string> #include <iostream> #include <fstream> #include <stdlib.h> using namespace std; void writeContentToFile(char* path, string content){ofstream myfile;myfile.open(path);myfile << content;myfile.close();} string build = "";bool mark(string append){build += append + "\n";writeContentToFile("D:/cft4cpp-core/data-test/tsdv/Sample_for_R1/0", build);return true;} int IntTest(int x){mark("statement={###line-of-blockin-function=1###openning-function=true");
D:/cft4cpp-core/data-test/tsdv/Sample_for_R1/BasicType.cpp:142: error: Excessive token sequence "#include <iostream> #include <fstream> #include <stdlib.h> using namespace std; void writeContentToFile(char* path, string content){ofstream myfile;myfile.open(path);myfile << content;myfile.close();} string build = "";bool mark(string append){build += append + "\n";writeContentToFile("D:/cft4cpp-core/data-test/tsdv/Sample_for_R1/0", build);return true;} int IntTest(int x){mark("statement={###line-of-blockin-function=1###openning-function=true");"
    #include <string> #include <iostream> #include <fstream> #include <stdlib.h> using namespace std; void writeContentToFile(char* path, string content){ofstream myfile;myfile.open(path);myfile << content;myfile.close();} string build = "";bool mark(string append){build += append + "\n";writeContentToFile("D:/cft4cpp-core/data-test/tsdv/Sample_for_R1/0", build);return true;} int IntTest(int x){mark("statement={###line-of-blockin-function=1###openning-function=true");
D:/cft4cpp-core/data-test/tsdv/Sample_for_R1/BasicType.cpp:142: error: Excessive token sequence "#include <iostream> #include <fstream> #include <stdlib.h> using namespace std; void writeContentToFile(char* path, string content){ofstream myfile;myfile.open(path);myfile << content;myfile.close();} string build = "";bool mark(string append){build += append + "\n";writeContentToFile("D:/cft4cpp-core/data-test/tsdv/Sample_for_R1/0", build);return true;} int IntTest(int x){mark("statement={###line-of-blockin-function=1###openning-function=true");"
    #include <string> #include <iostream> #include <fstream> #include <stdlib.h> using namespace std; void writeContentToFile(char* path, string content){ofstream myfile;myfile.open(path);myfile << content;myfile.close();} string build = "";bool mark(string append){build += append + "\n";writeContentToFile("D:/cft4cpp-core/data-test/tsdv/Sample_for_R1/0", build);return true;} int IntTest(int x){mark("statement={###line-of-blockin-function=1###openning-function=true");
D:/cft4cpp-core/data-test/tsdv/Sample_for_R1/BasicType.cpp:142: error: Excessive token sequence "#include <iostream> #include <fstream> #include <stdlib.h> using namespace std; void writeContentToFile(char* path, string content){ofstream myfile;myfile.open(path);myfile << content;myfile.close();} string build = "";bool mark(string append){build += append + "\n";writeContentToFile("D:/cft4cpp-core/data-test/tsdv/Sample_for_R1/0", build);return true;} int IntTest(int x){mark("statement={###line-of-blockin-function=1###openning-function=true");"
    #include <string> #include <iostream> #include <fstream> #include <stdlib.h> using namespace std; void writeContentToFile(char* path, string content){ofstream myfile;myfile.open(path);myfile << content;myfile.close();} string build = "";bool mark(string append){build += append + "\n";writeContentToFile("D:/cft4cpp-core/data-test/tsdv/Sample_for_R1/0", build);return true;} int IntTest(int x){mark("statement={###line-of-blockin-function=1###openning-function=true");
D:/cft4cpp-core/data-test/tsdv/Sample_for_R1/BasicType.cpp:142: error: Excessive token sequence "#include <iostream> #include <fstream> #include <stdlib.h> using namespace std; void writeContentToFile(char* path, string content){ofstream myfile;myfile.open(path);myfile << content;myfile.close();} string build = "";bool mark(string append){build += append + "\n";writeContentToFile("D:/cft4cpp-core/data-test/tsdv/Sample_for_R1/0", build);return true;} int IntTest(int x){mark("statement={###line-of-blockin-function=1###openning-function=true");"
    #include <string> #include <iostream> #include <fstream> #include <stdlib.h> using namespace std; void writeContentToFile(char* path, string content){ofstream myfile;myfile.open(path);myfile << content;myfile.close();} string build = "";bool mark(string append){build += append + "\n";writeContentToFile("D:/cft4cpp-core/data-test/tsdv/Sample_for_R1/0", build);return true;} int IntTest(int x){mark("statement={###line-of-blockin-function=1###openning-function=true");
D:/cft4cpp-core/data-test/tsdv/Sample_for_R1/BasicType.cpp:142: warning: Converted [CR+LF] to [LF]
    #include <string>#include <iostream>#include <fstream>#include <stdlib.h>using namespace std;void writeContentToFile(char* path, string content){ofstream myfile;myfile.open(path);myfile << content;myfile.close();}string build = "";bool mark(string append){build += append + "\n";writeContentToFile("D:/cft4cpp-core/data-test/tsdv/Sample_for_R1/0", build);return true;}int IntTest(int x);
D:/cft4cpp-core/data-test/tsdv/Sample_for_R1/BasicType.cpp:142: error: Excessive token sequence "#include <iostream> #include <fstream> #include <stdlib.h> using namespace std; void writeContentToFile(char* path, string content){ofstream myfile;myfile.open(path);myfile << content;myfile.close();} string build = "";bool mark(string append){build += append + "\n";writeContentToFile("D:/cft4cpp-core/data-test/tsdv/Sample_for_R1/0", build);return true;} int IntTest(int x);"
    #include <string> #include <iostream> #include <fstream> #include <stdlib.h> using namespace std; void writeContentToFile(char* path, string content){ofstream myfile;myfile.open(path);myfile << content;myfile.close();} string build = "";bool mark(string append){build += append + "\n";writeContentToFile("D:/cft4cpp-core/data-test/tsdv/Sample_for_R1/0", build);return true;} int IntTest(int x);
D:/cft4cpp-core/data-test/tsdv/Sample_for_R1/BasicType.cpp:147: error: Excessive token sequence "#include <iostream> #include <fstream> #include <stdlib.h> using namespace std; void writeContentToFile(char* path, string content){ofstream myfile;myfile.open(path);myfile << content;myfile.close();} string build = "";bool mark(string append){build += append + "\n";writeContentToFile("D:/cft4cpp-core/data-test/tsdv/Sample_for_R1/0", build);return true;} int IntTest(int x){mark("statement={###line-of-blockin-function=1###openning-function=true");"
    #include <string> #include <iostream> #include <fstream> #include <stdlib.h> using namespace std; void writeContentToFile(char* path, string content){ofstream myfile;myfile.open(path);myfile << content;myfile.close();} string build = "";bool mark(string append){build += append + "\n";writeContentToFile("D:/cft4cpp-core/data-test/tsdv/Sample_for_R1/0", build);return true;} int IntTest(int x){mark("statement={###line-of-blockin-function=1###openning-function=true");
D:/cft4cpp-core/data-test/tsdv/Sample_for_R1/BasicType.cpp:142: warning: Converted [CR+LF] to [LF]
    #include <string>#include <iostream>#include <fstream>#include <stdlib.h>using namespace std;void writeContentToFile(char* path, string content){ofstream myfile;myfile.open(path);myfile << content;myfile.close();}string build = "";bool mark(string append){build += append + "\n";writeContentToFile("D:/cft4cpp-core/data-test/tsdv/Sample_for_R1/0", build);return true;}int IntTest(int x);
D:/cft4cpp-core/data-test/tsdv/Sample_for_R1/BasicType.cpp:142: error: Excessive token sequence "#include <iostream> #include <fstream> #include <stdlib.h> using namespace std; void writeContentToFile(char* path, string content){ofstream myfile;myfile.open(path);myfile << content;myfile.close();} string build = "";bool mark(string append){build += append + "\n";writeContentToFile("D:/cft4cpp-core/data-test/tsdv/Sample_for_R1/0", build);return true;} int IntTest(int x);"
    #include <string> #include <iostream> #include <fstream> #include <stdlib.h> using namespace std; void writeContentToFile(char* path, string content){ofstream myfile;myfile.open(path);myfile << content;myfile.close();} string build = "";bool mark(string append){build += append + "\n";writeContentToFile("D:/cft4cpp-core/data-test/tsdv/Sample_for_R1/0", build);return true;} int IntTest(int x);
D:/cft4cpp-core/data-test/tsdv/Sample_for_R1/BasicType.cpp:147: error: Excessive token sequence "#include <iostream> #include <fstream> #include <stdlib.h> using namespace std; void writeContentToFile(char* path, string content){ofstream myfile;myfile.open(path);myfile << content;myfile.close();} string build = "";bool mark(string append){build += append + "\n";writeContentToFile("D:/cft4cpp-core/data-test/tsdv/Sample_for_R1/0", build);return true;} int IntTest(int x){mark("statement={###line-of-blockin-function=1###openning-function=true");"
    #include <string> #include <iostream> #include <fstream> #include <stdlib.h> using namespace std; void writeContentToFile(char* path, string content){ofstream myfile;myfile.open(path);myfile << content;myfile.close();} string build = "";bool mark(string append){build += append + "\n";writeContentToFile("D:/cft4cpp-core/data-test/tsdv/Sample_for_R1/0", build);return true;} int IntTest(int x){mark("statement={###line-of-blockin-function=1###openning-function=true");
D:/cft4cpp-core/data-test/tsdv/Sample_for_R1/BasicType.cpp:142: warning: Converted [CR+LF] to [LF]
    #include <string>#include <iostream>#include <fstream>#include <stdlib.h>using namespace std;void writeContentToFile(char* path, string content){ofstream myfile;myfile.open(path);myfile << content;myfile.close();}string build = "";bool mark(string append){build += append + "\n";writeContentToFile("D:/cft4cpp-core/data-test/tsdv/Sample_for_R1/0", build);return true;}int IntTest(int x);
D:/cft4cpp-core/data-test/tsdv/Sample_for_R1/BasicType.cpp:142: error: Excessive token sequence "#include <iostream> #include <fstream> #include <stdlib.h> using namespace std; void writeContentToFile(char* path, string content){ofstream myfile;myfile.open(path);myfile << content;myfile.close();} string build = "";bool mark(string append){build += append + "\n";writeContentToFile("D:/cft4cpp-core/data-test/tsdv/Sample_for_R1/0", build);return true;} int IntTest(int x);"
    #include <string> #include <iostream> #include <fstream> #include <stdlib.h> using namespace std; void writeContentToFile(char* path, string content){ofstream myfile;myfile.open(path);myfile << content;myfile.close();} string build = "";bool mark(string append){build += append + "\n";writeContentToFile("D:/cft4cpp-core/data-test/tsdv/Sample_for_R1/0", build);return true;} int IntTest(int x);
D:/cft4cpp-core/data-test/tsdv/Sample_for_R1/BasicType.cpp:147: error: Excessive token sequence "#include <iostream> #include <fstream> #include <stdlib.h> using namespace std; void writeContentToFile(char* path, string content){ofstream myfile;myfile.open(path);myfile << content;myfile.close();} string build = "";bool mark(string append){build += append + "\n";writeContentToFile("D:/cft4cpp-core/data-test/tsdv/Sample_for_R1/0", build);return true;} int IntTest(int x){mark("statement={###line-of-blockin-function=1###openning-function=true");"
    #include <string> #include <iostream> #include <fstream> #include <stdlib.h> using namespace std; void writeContentToFile(char* path, string content){ofstream myfile;myfile.open(path);myfile << content;myfile.close();} string build = "";bool mark(string append){build += append + "\n";writeContentToFile("D:/cft4cpp-core/data-test/tsdv/Sample_for_R1/0", build);return true;} int IntTest(int x){mark("statement={###line-of-blockin-function=1###openning-function=true");
D:/cft4cpp-core/data-test/tsdv/Sample_for_R1/BasicType.cpp:142: error: Excessive token sequence "#include <iostream> #include <fstream> #include <stdlib.h> using namespace std; void writeContentToFile(char* path, string content){ofstream myfile;myfile.open(path);myfile << content;myfile.close();} string build = "";bool mark(string append){build += append + "\n";writeContentToFile("D:/cft4cpp-core/data-test/tsdv/Sample_for_R1/0", build);return true;} int IntTest(int x){mark("statement={###line-of-blockin-function=1###openning-function=true");"
    #include <string> #include <iostream> #include <fstream> #include <stdlib.h> using namespace std; void writeContentToFile(char* path, string content){ofstream myfile;myfile.open(path);myfile << content;myfile.close();} string build = "";bool mark(string append){build += append + "\n";writeContentToFile("D:/cft4cpp-core/data-test/tsdv/Sample_for_R1/0", build);return true;} int IntTest(int x){mark("statement={###line-of-blockin-function=1###openning-function=true");
D:/cft4cpp-core/data-test/tsdv/Sample_for_R1/BasicType.cpp:142: error: Excessive token sequence "#include <iostream> #include <fstream> #include <stdlib.h> using namespace std; void writeContentToFile(char* path, string content){ofstream myfile;myfile.open(path);myfile << content;myfile.close();} string build = "";bool mark(string append){build += append + "\n";writeContentToFile("D:/cft4cpp-core/data-test/tsdv/Sample_for_R1/0", build);return true;} int IntTest(int x){mark("statement={###line-of-blockin-function=1###openning-function=true");"
    #include <string> #include <iostream> #include <fstream> #include <stdlib.h> using namespace std; void writeContentToFile(char* path, string content){ofstream myfile;myfile.open(path);myfile << content;myfile.close();} string build = "";bool mark(string append){build += append + "\n";writeContentToFile("D:/cft4cpp-core/data-test/tsdv/Sample_for_R1/0", build);return true;} int IntTest(int x){mark("statement={###line-of-blockin-function=1###openning-function=true");
D:/cft4cpp-core/data-test/tsdv/Sample_for_R1/BasicType.cpp:142: error: Excessive token sequence "#include <iostream> #include <fstream> #include <stdlib.h> using namespace std; void writeContentToFile(char* path, string content){ofstream myfile;myfile.open(path);myfile << content;myfile.close();} string build = "";bool mark(string append){build += append + "\n";writeContentToFile("D:/cft4cpp-core/data-test/tsdv/Sample_for_R1/0", build);return true;} int IntTest(int x){mark("statement={###line-of-blockin-function=1###openning-function=true");"
    #include <string> #include <iostream> #include <fstream> #include <stdlib.h> using namespace std; void writeContentToFile(char* path, string content){ofstream myfile;myfile.open(path);myfile << content;myfile.close();} string build = "";bool mark(string append){build += append + "\n";writeContentToFile("D:/cft4cpp-core/data-test/tsdv/Sample_for_R1/0", build);return true;} int IntTest(int x){mark("statement={###line-of-blockin-function=1###openning-function=true");
D:/cft4cpp-core/data-test/tsdv/Sample_for_R1/BasicType.cpp:142: error: Excessive token sequence "#include <iostream> #include <fstream> #include <stdlib.h> using namespace std; void writeContentToFile(char* path, string content){ofstream myfile;myfile.open(path);myfile << content;myfile.close();} string build = "";bool mark(string append){build += append + "\n";writeContentToFile("D:/cft4cpp-core/data-test/tsdv/Sample_for_R1/0", build);return true;} int IntTest(int x){mark("statement={###line-of-blockin-function=1###openning-function=true");"
    #include <string> #include <iostream> #include <fstream> #include <stdlib.h> using namespace std; void writeContentToFile(char* path, string content){ofstream myfile;myfile.open(path);myfile << content;myfile.close();} string build = "";bool mark(string append){build += append + "\n";writeContentToFile("D:/cft4cpp-core/data-test/tsdv/Sample_for_R1/0", build);return true;} int IntTest(int x){mark("statement={###line-of-blockin-function=1###openning-function=true");
D:/cft4cpp-core/data-test/tsdv/Sample_for_R1/BasicType.cpp:142: error: Excessive token sequence "#include <iostream> #include <fstream> #include <stdlib.h> using namespace std; void writeContentToFile(char* path, string content){ofstream myfile;myfile.open(path);myfile << content;myfile.close();} string build = "";bool mark(string append){build += append + "\n";writeContentToFile("D:/cft4cpp-core/data-test/tsdv/Sample_for_R1/0", build);return true;} int IntTest(int x){mark("statement={###line-of-blockin-function=1###openning-function=true");"
    #include <string> #include <iostream> #include <fstream> #include <stdlib.h> using namespace std; void writeContentToFile(char* path, string content){ofstream myfile;myfile.open(path);myfile << content;myfile.close();} string build = "";bool mark(string append){build += append + "\n";writeContentToFile("D:/cft4cpp-core/data-test/tsdv/Sample_for_R1/0", build);return true;} int IntTest(int x){mark("statement={###line-of-blockin-function=1###openning-function=true");
D:/cft4cpp-core/data-test/tsdv/Sample_for_R1/BasicType.cpp:142: error: Excessive token sequence "#include <iostream> #include <fstream> #include <stdlib.h> using namespace std; void writeContentToFile(char* path, string content){ofstream myfile;myfile.open(path);myfile << content;myfile.close();} string build = "";bool mark(string append){build += append + "\n";writeContentToFile("D:/cft4cpp-core/data-test/tsdv/Sample_for_R1/0", build);return true;} int IntTest(int x){mark("statement={###line-of-blockin-function=1###openning-function=true");"
    #include <string> #include <iostream> #include <fstream> #include <stdlib.h> using namespace std; void writeContentToFile(char* path, string content){ofstream myfile;myfile.open(path);myfile << content;myfile.close();} string build = "";bool mark(string append){build += append + "\n";writeContentToFile("D:/cft4cpp-core/data-test/tsdv/Sample_for_R1/0", build);return true;} int IntTest(int x){mark("statement={###line-of-blockin-function=1###openning-function=true");
D:/cft4cpp-core/data-test/tsdv/Sample_for_R1/BasicType.cpp:142: error: Excessive token sequence "#include <iostream> #include <fstream> #include <stdlib.h> using namespace std; void writeContentToFile(char* path, string content){ofstream myfile;myfile.open(path);myfile << content;myfile.close();} string build = "";bool mark(string append){build += append + "\n";writeContentToFile("D:/cft4cpp-core/data-test/tsdv/Sample_for_R1/0", build);return true;} int IntTest(int x){mark("statement={###line-of-blockin-function=1###openning-function=true");"
    #include <string> #include <iostream> #include <fstream> #include <stdlib.h> using namespace std; void writeContentToFile(char* path, string content){ofstream myfile;myfile.open(path);myfile << content;myfile.close();} string build = "";bool mark(string append){build += append + "\n";writeContentToFile("D:/cft4cpp-core/data-test/tsdv/Sample_for_R1/0", build);return true;} int IntTest(int x){mark("statement={###line-of-blockin-function=1###openning-function=true");
D:/cft4cpp-core/data-test/tsdv/Sample_for_R1/BasicType.cpp:142: error: Excessive token sequence "#include <iostream> #include <fstream> #include <stdlib.h> using namespace std; void writeContentToFile(char* path, string content){ofstream myfile;myfile.open(path);myfile << content;myfile.close();} string build = "";bool mark(string append){build += append + "\n";writeContentToFile("D:/cft4cpp-core/data-test/tsdv/Sample_for_R1/0", build);return true;} int IntTest(int x){mark("statement={###line-of-blockin-function=1###openning-function=true");"
    #include <string> #include <iostream> #include <fstream> #include <stdlib.h> using namespace std; void writeContentToFile(char* path, string content){ofstream myfile;myfile.open(path);myfile << content;myfile.close();} string build = "";bool mark(string append){build += append + "\n";writeContentToFile("D:/cft4cpp-core/data-test/tsdv/Sample_for_R1/0", build);return true;} int IntTest(int x){mark("statement={###line-of-blockin-function=1###openning-function=true");
D:/cft4cpp-core/data-test/tsdv/Sample_for_R1/BasicType.cpp:142: error: Excessive token sequence "#include <iostream> #include <fstream> #include <stdlib.h> using namespace std; void writeContentToFile(char* path, string content){ofstream myfile;myfile.open(path);myfile << content;myfile.close();} string build = "";bool mark(string append){build += append + "\n";writeContentToFile("D:/cft4cpp-core/data-test/tsdv/Sample_for_R1/0", build);return true;} int IntTest(int x){mark("statement={###line-of-blockin-function=1###openning-function=true");"
    #include <string> #include <iostream> #include <fstream> #include <stdlib.h> using namespace std; void writeContentToFile(char* path, string content){ofstream myfile;myfile.open(path);myfile << content;myfile.close();} string build = "";bool mark(string append){build += append + "\n";writeContentToFile("D:/cft4cpp-core/data-test/tsdv/Sample_for_R1/0", build);return true;} int IntTest(int x){mark("statement={###line-of-blockin-function=1###openning-function=true");
D:/cft4cpp-core/data-test/tsdv/Sample_for_R1/BasicType.cpp:142: error: Excessive token sequence "#include <iostream> #include <fstream> #include <stdlib.h> using namespace std; void writeContentToFile(char* path, string content){ofstream myfile;myfile.open(path);myfile << content;myfile.close();} string build = "";bool mark(string append){build += append + "\n";writeContentToFile("D:/cft4cpp-core/data-test/tsdv/Sample_for_R1/0", build);return true;} int IntTest(int x){mark("statement={###line-of-blockin-function=1###openning-function=true");"
    #include <string> #include <iostream> #include <fstream> #include <stdlib.h> using namespace std; void writeContentToFile(char* path, string content){ofstream myfile;myfile.open(path);myfile << content;myfile.close();} string build = "";bool mark(string append){build += append + "\n";writeContentToFile("D:/cft4cpp-core/data-test/tsdv/Sample_for_R1/0", build);return true;} int IntTest(int x){mark("statement={###line-of-blockin-function=1###openning-function=true");
D:/cft4cpp-core/data-test/tsdv/Sample_for_R1/BasicType.cpp:142: error: Excessive token sequence "#include <iostream> #include <fstream> #include <stdlib.h> using namespace std; void writeContentToFile(char* path, string content){ofstream myfile;myfile.open(path);myfile << content;myfile.close();} string build = "";bool mark(string append){build += append + "\n";writeContentToFile("D:/cft4cpp-core/data-test/tsdv/Sample_for_R1/0", build);return true;} int IntTest(int x){mark("statement={###line-of-blockin-function=1###openning-function=true");"
    #include <string> #include <iostream> #include <fstream> #include <stdlib.h> using namespace std; void writeContentToFile(char* path, string content){ofstream myfile;myfile.open(path);myfile << content;myfile.close();} string build = "";bool mark(string append){build += append + "\n";writeContentToFile("D:/cft4cpp-core/data-test/tsdv/Sample_for_R1/0", build);return true;} int IntTest(int x){mark("statement={###line-of-blockin-function=1###openning-function=true");
D:/cft4cpp-core/data-test/tsdv/Sample_for_R1/BasicType.cpp:142: error: Excessive token sequence "#include <iostream> #include <fstream> #include <stdlib.h> using namespace std; void writeContentToFile(char* path, string content){ofstream myfile;myfile.open(path);myfile << content;myfile.close();} string build = "";bool mark(string append){build += append + "\n";writeContentToFile("D:/cft4cpp-core/data-test/tsdv/Sample_for_R1/0", build);return true;} int IntTest(int x){mark("statement={###line-of-blockin-function=1###openning-function=true");"
    #include <string> #include <iostream> #include <fstream> #include <stdlib.h> using namespace std; void writeContentToFile(char* path, string content){ofstream myfile;myfile.open(path);myfile << content;myfile.close();} string build = "";bool mark(string append){build += append + "\n";writeContentToFile("D:/cft4cpp-core/data-test/tsdv/Sample_for_R1/0", build);return true;} int IntTest(int x){mark("statement={###line-of-blockin-function=1###openning-function=true");
D:/cft4cpp-core/data-test/tsdv/Sample_for_R1/BasicType.cpp:142: error: Excessive token sequence "#include <iostream> #include <fstream> #include <stdlib.h> using namespace std; void writeContentToFile(char* path, string content){ofstream myfile;myfile.open(path);myfile << content;myfile.close();} string build = "";bool mark(string append){build += append + "\n";writeContentToFile("D:/cft4cpp-core/data-test/tsdv/Sample_for_R1/0", build);return true;} int IntTest(int x){mark("statement={###line-of-blockin-function=1###openning-function=true");"
    #include <string> #include <iostream> #include <fstream> #include <stdlib.h> using namespace std; void writeContentToFile(char* path, string content){ofstream myfile;myfile.open(path);myfile << content;myfile.close();} string build = "";bool mark(string append){build += append + "\n";writeContentToFile("D:/cft4cpp-core/data-test/tsdv/Sample_for_R1/0", build);return true;} int IntTest(int x){mark("statement={###line-of-blockin-function=1###openning-function=true");
D:/cft4cpp-core/data-test/tsdv/Sample_for_R1/BasicType.cpp:142: error: Excessive token sequence "#include <iostream> #include <fstream> #include <stdlib.h> using namespace std; void writeContentToFile(char* path, string content){ofstream myfile;myfile.open(path);myfile << content;myfile.close();} string build = "";bool mark(string append){build += append + "\n";writeContentToFile("D:/cft4cpp-core/data-test/tsdv/Sample_for_R1/0", build);return true;} int IntTest(int x){mark("statement={###line-of-blockin-function=1###openning-function=true");"
    #include <string> #include <iostream> #include <fstream> #include <stdlib.h> using namespace std; void writeContentToFile(char* path, string content){ofstream myfile;myfile.open(path);myfile << content;myfile.close();} string build = "";bool mark(string append){build += append + "\n";writeContentToFile("D:/cft4cpp-core/data-test/tsdv/Sample_for_R1/0", build);return true;} int IntTest(int x){mark("statement={###line-of-blockin-function=1###openning-function=true");
D:/cft4cpp-core/data-test/tsdv/Sample_for_R1/BasicType.cpp:142: error: Excessive token sequence "#include <iostream> #include <fstream> #include <stdlib.h> using namespace std; void writeContentToFile(char* path, string content){ofstream myfile;myfile.open(path);myfile << content;myfile.close();} string build = "";bool mark(string append){build += append + "\n";writeContentToFile("D:/cft4cpp-core/data-test/tsdv/Sample_for_R1/0", build);return true;} int IntTest(int x){mark("statement={###line-of-blockin-function=1###openning-function=true");"
    #include <string> #include <iostream> #include <fstream> #include <stdlib.h> using namespace std; void writeContentToFile(char* path, string content){ofstream myfile;myfile.open(path);myfile << content;myfile.close();} string build = "";bool mark(string append){build += append + "\n";writeContentToFile("D:/cft4cpp-core/data-test/tsdv/Sample_for_R1/0", build);return true;} int IntTest(int x){mark("statement={###line-of-blockin-function=1###openning-function=true");
D:/cft4cpp-core/data-test/tsdv/Sample_for_R1/BasicType.cpp:142: error: Excessive token sequence "#include <iostream> #include <fstream> #include <stdlib.h> using namespace std; void writeContentToFile(char* path, string content){ofstream myfile;myfile.open(path);myfile << content;myfile.close();} string build = "";bool mark(string append){build += append + "\n";writeContentToFile("D:/cft4cpp-core/data-test/tsdv/Sample_for_R1/0", build);return true;} int IntTest(int x){mark("statement={###line-of-blockin-function=1###openning-function=true");"
    #include <string> #include <iostream> #include <fstream> #include <stdlib.h> using namespace std; void writeContentToFile(char* path, string content){ofstream myfile;myfile.open(path);myfile << content;myfile.close();} string build = "";bool mark(string append){build += append + "\n";writeContentToFile("D:/cft4cpp-core/data-test/tsdv/Sample_for_R1/0", build);return true;} int IntTest(int x){mark("statement={###line-of-blockin-function=1###openning-function=true");
D:/cft4cpp-core/data-test/tsdv/Sample_for_R1/BasicType.cpp:142: error: Excessive token sequence "#include <iostream> #include <fstream> #include <stdlib.h> using namespace std; void writeContentToFile(char* path, string content){ofstream myfile;myfile.open(path);myfile << content;myfile.close();} string build = "";bool mark(string append){build += append + "\n";writeContentToFile("D:/cft4cpp-core/data-test/tsdv/Sample_for_R1/0", build);return true;} int IntTest(int x){mark("statement={###line-of-blockin-function=1###openning-function=true");"
    #include <string> #include <iostream> #include <fstream> #include <stdlib.h> using namespace std; void writeContentToFile(char* path, string content){ofstream myfile;myfile.open(path);myfile << content;myfile.close();} string build = "";bool mark(string append){build += append + "\n";writeContentToFile("D:/cft4cpp-core/data-test/tsdv/Sample_for_R1/0", build);return true;} int IntTest(int x){mark("statement={###line-of-blockin-function=1###openning-function=true");
D:/cft4cpp-core/data-test/tsdv/Sample_for_R1/BasicType.cpp:142: error: Excessive token sequence "#include <iostream> #include <fstream> #include <stdlib.h> using namespace std; void writeContentToFile(char* path, string content){ofstream myfile;myfile.open(path);myfile << content;myfile.close();} string build = "";bool mark(string append){build += append + "\n";writeContentToFile("D:/cft4cpp-core/data-test/tsdv/Sample_for_R1/0", build);return true;} int IntTest(int x){mark("statement={###line-of-blockin-function=1###openning-function=true");"
    #include <string> #include <iostream> #include <fstream> #include <stdlib.h> using namespace std; void writeContentToFile(char* path, string content){ofstream myfile;myfile.open(path);myfile << content;myfile.close();} string build = "";bool mark(string append){build += append + "\n";writeContentToFile("D:/cft4cpp-core/data-test/tsdv/Sample_for_R1/0", build);return true;} int IntTest(int x){mark("statement={###line-of-blockin-function=1###openning-function=true");
D:/cft4cpp-core/data-test/tsdv/Sample_for_R1/BasicType.cpp:142: error: Excessive token sequence "#include <iostream> #include <fstream> #include <stdlib.h> using namespace std; void writeContentToFile(char* path, string content){ofstream myfile;myfile.open(path);myfile << content;myfile.close();} string build = "";bool mark(string append){build += append + "\n";writeContentToFile("D:/cft4cpp-core/data-test/tsdv/Sample_for_R1/0", build);return true;} int IntTest(int x){mark("statement={###line-of-blockin-function=1###openning-function=true");"
    #include <string> #include <iostream> #include <fstream> #include <stdlib.h> using namespace std; void writeContentToFile(char* path, string content){ofstream myfile;myfile.open(path);myfile << content;myfile.close();} string build = "";bool mark(string append){build += append + "\n";writeContentToFile("D:/cft4cpp-core/data-test/tsdv/Sample_for_R1/0", build);return true;} int IntTest(int x){mark("statement={###line-of-blockin-function=1###openning-function=true");
D:/cft4cpp-core/data-test/tsdv/Sample_for_R1/BasicType.cpp:142: error: Excessive token sequence "#include <iostream> #include <fstream> #include <stdlib.h> using namespace std; void writeContentToFile(char* path, string content){ofstream myfile;myfile.open(path);myfile << content;myfile.close();} string build = "";bool mark(string append){build += append + "\n";writeContentToFile("D:/cft4cpp-core/data-test/tsdv/Sample_for_R1/0", build);return true;} int IntTest(int x){mark("statement={###line-of-blockin-function=1###openning-function=true");"
    #include <string> #include <iostream> #include <fstream> #include <stdlib.h> using namespace std; void writeContentToFile(char* path, string content){ofstream myfile;myfile.open(path);myfile << content;myfile.close();} string build = "";bool mark(string append){build += append + "\n";writeContentToFile("D:/cft4cpp-core/data-test/tsdv/Sample_for_R1/0", build);return true;} int IntTest(int x){mark("statement={###line-of-blockin-function=1###openning-function=true");
D:/cft4cpp-core/data-test/tsdv/Sample_for_R1/BasicType.cpp:142: error: Excessive token sequence "#include <iostream> #include <fstream> #include <stdlib.h> using namespace std; void writeContentToFile(char* path, string content){ofstream myfile;myfile.open(path);myfile << content;myfile.close();} string build = "";bool mark(string append){build += append + "\n";writeContentToFile("D:/cft4cpp-core/data-test/tsdv/Sample_for_R1/0", build);return true;} int IntTest(int x){mark("statement={###line-of-blockin-function=1###openning-function=true");"
    #include <string> #include <iostream> #include <fstream> #include <stdlib.h> using namespace std; void writeContentToFile(char* path, string content){ofstream myfile;myfile.open(path);myfile << content;myfile.close();} string build = "";bool mark(string append){build += append + "\n";writeContentToFile("D:/cft4cpp-core/data-test/tsdv/Sample_for_R1/0", build);return true;} int IntTest(int x){mark("statement={###line-of-blockin-function=1###openning-function=true");
D:/cft4cpp-core/data-test/tsdv/Sample_for_R1/BasicType.cpp:142: error: Excessive token sequence "#include <iostream> #include <fstream> #include <stdlib.h> using namespace std; void writeContentToFile(char* path, string content){ofstream myfile;myfile.open(path);myfile << content;myfile.close();} string build = "";bool mark(string append){build += append + "\n";writeContentToFile("D:/cft4cpp-core/data-test/tsdv/Sample_for_R1/0", build);return true;} int IntTest(int x){mark("statement={###line-of-blockin-function=1###openning-function=true");"
    #include <string> #include <iostream> #include <fstream> #include <stdlib.h> using namespace std; void writeContentToFile(char* path, string content){ofstream myfile;myfile.open(path);myfile << content;myfile.close();} string build = "";bool mark(string append){build += append + "\n";writeContentToFile("D:/cft4cpp-core/data-test/tsdv/Sample_for_R1/0", build);return true;} int IntTest(int x){mark("statement={###line-of-blockin-function=1###openning-function=true");
